# JRE version: OpenJDK Runtime Environment (8.0_222-b10) (build 1.8.0_222-8u222-b10-1ubuntu1~16.04.1-b10)
# Java VM: OpenJDK 64-Bit Server VM (25.222-b10 mixed mode linux-amd64 compressed oops)
Heap:
 def new generation   total 31616K, used 0K [0x00000000c0000000, 0x00000000c2240000, 0x00000000d5550000)
  eden space 28160K,   0% used [0x00000000c0000000, 0x00000000c0000000, 0x00000000c1b80000)
  from space 3456K,   0% used [0x00000000c1ee0000, 0x00000000c1ee0000, 0x00000000c2240000)
  to   space 3456K,   0% used [0x00000000c1b80000, 0x00000000c1b80000, 0x00000000c1ee0000)
 tenured generation   total 86372K, used 71192K [0x00000000d5550000, 0x00000000da9a9000, 0x0000000100000000)
   the space 86372K,  82% used [0x00000000d5550000, 0x00000000d9ad6110, 0x00000000d9ad6200, 0x00000000da9a9000)
 Metaspace       used 68105K, capacity 68910K, committed 68952K, reserved 1107968K
  class space    used 9836K, capacity 10034K, committed 10072K, reserved 1048576K
GC Heap History (10 events):
Event: 19.985 GC heap after
Heap after GC invocations=180 (full 13):
 def new generation   total 31616K, used 0K [0x00000000c0000000, 0x00000000c2240000, 0x00000000d5550000)
  eden space 28160K,   0% used [0x00000000c0000000, 0x00000000c0000000, 0x00000000c1b80000)
  from space 3456K,   0% used [0x00000000c1b80000, 0x00000000c1b80000, 0x00000000c1ee0000)
  to   space 3456K,   0% used [0x00000000c1ee0000, 0x00000000c1ee0000, 0x00000000c2240000)
 tenured generation   total 69984K, used 36348K [0x00000000d5550000, 0x00000000d99a8000, 0x0000000100000000)
   the space 69984K,  51% used [0x00000000d5550000, 0x00000000d78cf068, 0x00000000d78cf200, 0x00000000d99a8000)
 Metaspace       used 67806K, capacity 68556K, committed 68696K, reserved 1107968K
  class space    used 9810K, capacity 10011K, committed 10072K, reserved 1048576K
}
Event: 20.107 GC heap before
{Heap before GC invocations=180 (full 13):
 def new generation   total 31616K, used 28160K [0x00000000c0000000, 0x00000000c2240000, 0x00000000d5550000)
  eden space 28160K, 100% used [0x00000000c0000000, 0x00000000c1b80000, 0x00000000c1b80000)
  from space 3456K,   0% used [0x00000000c1b80000, 0x00000000c1b80000, 0x00000000c1ee0000)
  to   space 3456K,   0% used [0x00000000c1ee0000, 0x00000000c1ee0000, 0x00000000c2240000)
 tenured generation   total 69984K, used 36348K [0x00000000d5550000, 0x00000000d99a8000, 0x0000000100000000)
   the space 69984K,  51% used [0x00000000d5550000, 0x00000000d78cf068, 0x00000000d78cf200, 0x00000000d99a8000)
 Metaspace       used 67836K, capacity 68630K, committed 68696K, reserved 1107968K
  class space    used 9811K, capacity 10013K, committed 10072K, reserved 1048576K
Event: 20.110 GC heap after
Heap after GC invocations=181 (full 13):
 def new generation   total 31616K, used 1662K [0x00000000c0000000, 0x00000000c2240000, 0x00000000d5550000)
  eden space 28160K,   0% used [0x00000000c0000000, 0x00000000c0000000, 0x00000000c1b80000)
  from space 3456K,  48% used [0x00000000c1ee0000, 0x00000000c207fa48, 0x00000000c2240000)
  to   space 3456K,   0% used [0x00000000c1b80000, 0x00000000c1b80000, 0x00000000c1ee0000)
 tenured generation   total 69984K, used 36348K [0x00000000d5550000, 0x00000000d99a8000, 0x0000000100000000)
   the space 69984K,  51% used [0x00000000d5550000, 0x00000000d78cf068, 0x00000000d78cf200, 0x00000000d99a8000)
 Metaspace       used 67836K, capacity 68630K, committed 68696K, reserved 1107968K
  class space    used 9811K, capacity 10013K, committed 10072K, reserved 1048576K
}
Event: 20.186 GC heap before
{Heap before GC invocations=181 (full 13):
 def new generation   total 31616K, used 29822K [0x00000000c0000000, 0x00000000c2240000, 0x00000000d5550000)
  eden space 28160K, 100% used [0x00000000c0000000, 0x00000000c1b80000, 0x00000000c1b80000)
  from space 3456K,  48% used [0x00000000c1ee0000, 0x00000000c207fa48, 0x00000000c2240000)
  to   space 3456K,   0% used [0x00000000c1b80000, 0x00000000c1b80000, 0x00000000c1ee0000)
 tenured generation   total 69984K, used 36348K [0x00000000d5550000, 0x00000000d99a8000, 0x0000000100000000)
   the space 69984K,  51% used [0x00000000d5550000, 0x00000000d78cf068, 0x00000000d78cf200, 0x00000000d99a8000)
 Metaspace       used 67837K, capacity 68630K, committed 68696K, reserved 1107968K
  class space    used 9811K, capacity 10013K, committed 10072K, reserved 1048576K
Event: 20.189 GC heap after
Heap after GC invocations=182 (full 13):
 def new generation   total 31616K, used 502K [0x00000000c0000000, 0x00000000c2240000, 0x00000000d5550000)
  eden space 28160K,   0% used [0x00000000c0000000, 0x00000000c0000000, 0x00000000c1b80000)
  from space 3456K,  14% used [0x00000000c1b80000, 0x00000000c1bfda18, 0x00000000c1ee0000)
  to   space 3456K,   0% used [0x00000000c1ee0000, 0x00000000c1ee0000, 0x00000000c2240000)
 tenured generation   total 69984K, used 36348K [0x00000000d5550000, 0x00000000d99a8000, 0x0000000100000000)
   the space 69984K,  51% used [0x00000000d5550000, 0x00000000d78cf068, 0x00000000d78cf200, 0x00000000d99a8000)
 Metaspace       used 67837K, capacity 68630K, committed 68696K, reserved 1107968K
  class space    used 9811K, capacity 10013K, committed 10072K, reserved 1048576K
}
Event: 20.323 GC heap before
{Heap before GC invocations=182 (full 13):
 def new generation   total 31616K, used 27057K [0x00000000c0000000, 0x00000000c2240000, 0x00000000d5550000)
  eden space 28160K,  94% used [0x00000000c0000000, 0x00000000c19eecc8, 0x00000000c1b80000)
  from space 3456K,  14% used [0x00000000c1b80000, 0x00000000c1bfda18, 0x00000000c1ee0000)
  to   space 3456K,   0% used [0x00000000c1ee0000, 0x00000000c1ee0000, 0x00000000c2240000)
 tenured generation   total 69984K, used 36348K [0x00000000d5550000, 0x00000000d99a8000, 0x0000000100000000)
   the space 69984K,  51% used [0x00000000d5550000, 0x00000000d78cf068, 0x00000000d78cf200, 0x00000000d99a8000)
 Metaspace       used 67930K, capacity 68706K, committed 68952K, reserved 1107968K
  class space    used 9814K, capacity 10017K, committed 10072K, reserved 1048576K
Event: 20.330 GC heap after
Heap after GC invocations=183 (full 13):
 def new generation   total 31616K, used 712K [0x00000000c0000000, 0x00000000c2240000, 0x00000000d5550000)
  eden space 28160K,   0% used [0x00000000c0000000, 0x00000000c0000000, 0x00000000c1b80000)
  from space 3456K,  20% used [0x00000000c1ee0000, 0x00000000c1f921d8, 0x00000000c2240000)
  to   space 3456K,   0% used [0x00000000c1b80000, 0x00000000c1b80000, 0x00000000c1ee0000)
 tenured generation   total 69984K, used 52732K [0x00000000d5550000, 0x00000000d99a8000, 0x0000000100000000)
   the space 69984K,  75% used [0x00000000d5550000, 0x00000000d88cf078, 0x00000000d88cf200, 0x00000000d99a8000)
 Metaspace       used 67930K, capacity 68706K, committed 68952K, reserved 1107968K
  class space    used 9814K, capacity 10017K, committed 10072K, reserved 1048576K
}
Event: 20.454 GC heap before
{Heap before GC invocations=183 (full 13):
 def new generation   total 31616K, used 24638K [0x00000000c0000000, 0x00000000c2240000, 0x00000000d5550000)
  eden space 28160K,  84% used [0x00000000c0000000, 0x00000000c175d9f8, 0x00000000c1b80000)
  from space 3456K,  20% used [0x00000000c1ee0000, 0x00000000c1f921d8, 0x00000000c2240000)
  to   space 3456K,   0% used [0x00000000c1b80000, 0x00000000c1b80000, 0x00000000c1ee0000)
 tenured generation   total 69984K, used 52732K [0x00000000d5550000, 0x00000000d99a8000, 0x0000000100000000)
   the space 69984K,  75% used [0x00000000d5550000, 0x00000000d88cf078, 0x00000000d88cf200, 0x00000000d99a8000)
 Metaspace       used 68038K, capacity 68804K, committed 68952K, reserved 1107968K
  class space    used 9830K, capacity 10027K, committed 10072K, reserved 1048576K
Event: 20.461 GC heap after
Heap after GC invocations=184 (full 13):
 def new generation   total 31616K, used 1038K [0x00000000c0000000, 0x00000000c2240000, 0x00000000d5550000)
  eden space 28160K,   0% used [0x00000000c0000000, 0x00000000c0000000, 0x00000000c1b80000)
  from space 3456K,  30% used [0x00000000c1b80000, 0x00000000c1c83990, 0x00000000c1ee0000)
  to   space 3456K,   0% used [0x00000000c1ee0000, 0x00000000c1ee0000, 0x00000000c2240000)
 tenured generation   total 69984K, used 69116K [0x00000000d5550000, 0x00000000d99a8000, 0x0000000100000000)
   the space 69984K,  98% used [0x00000000d5550000, 0x00000000d98cf088, 0x00000000d98cf200, 0x00000000d99a8000)
 Metaspace       used 68038K, capacity 68804K, committed 68952K, reserved 1107968K
  class space    used 9830K, capacity 10027K, committed 10072K, reserved 1048576K
}
Event: 20.602 GC heap before
{Heap before GC invocations=184 (full 13):
 def new generation   total 31616K, used 29198K [0x00000000c0000000, 0x00000000c2240000, 0x00000000d5550000)
  eden space 28160K, 100% used [0x00000000c0000000, 0x00000000c1b80000, 0x00000000c1b80000)
  from space 3456K,  30% used [0x00000000c1b80000, 0x00000000c1c83990, 0x00000000c1ee0000)
  to   space 3456K,   0% used [0x00000000c1ee0000, 0x00000000c1ee0000, 0x00000000c2240000)
 tenured generation   total 69984K, used 69116K [0x00000000d5550000, 0x00000000d99a8000, 0x0000000100000000)
   the space 69984K,  98% used [0x00000000d5550000, 0x00000000d98cf088, 0x00000000d98cf200, 0x00000000d99a8000)
 Metaspace       used 68105K, capacity 68910K, committed 68952K, reserved 1107968K
  class space    used 9836K, capacity 10034K, committed 10072K, reserved 1048576K

